This is pdfTeX, Version 3.1415926-1.40.10 (TeX Live 2009/Debian) (format=pdflatex 2013.7.6)  31 JUL 2013 12:47
entering extended mode
 %&-line parsing enabled.
**thesis.tex
(./thesis.tex
LaTeX2e <2009/09/24>
Babel <v3.8l> and hyphenation patterns for english, usenglishmax, dumylang, noh
yphenation, loaded.
(/usr/share/texmf-texlive/tex/latex/memoir/memoir.cls
Document Class: memoir 2009/09/21 v1.61803398b configurable book, report, artic
le document class
\onelineskip=\skip41
\lxvchars=\skip42
\xlvchars=\skip43
\@memcnta=\count79
\c@@memmarkcntra=\count80
(/usr/share/texmf-texlive/tex/generic/oberdiek/ifpdf.sty
Package: ifpdf 2009/04/10 v2.0 Provides the ifpdf switch (HO)
Package ifpdf Info: pdfTeX in pdf mode detected.
)
Class memoir Info: An `ifetex' package is being emulated on input line 251.

(/usr/share/texmf-texlive/tex/generic/ifxetex/ifxetex.sty
Package: ifxetex 2009/01/23 v0.5 Provides ifxetex conditional
)
(/usr/share/texmf-texlive/tex/generic/oberdiek/ifluatex.sty
Package: ifluatex 2009/04/17 v1.2 Provides the ifluatex switch (HO)
Package ifluatex Info: LuaTeX not detected.
)
\stockheight=\skip44
\stockwidth=\skip45
\trimtop=\skip46
\trimedge=\skip47

(/usr/share/texmf-texlive/tex/latex/etex-pkg/etex.sty
Package: etex 1998/03/26 v2.0 eTeX basic definition package (PEB)
\et@xins=\count81
)
(/usr/share/texmf-texlive/tex/latex/memoir/mem12.clo
File: mem12.clo 2008/01/30 v0.4 memoir class 12pt size option
)
\binding=\skip48
\spinemargin=\skip49
\foremargin=\skip50
\uppermargin=\skip51
\lowermargin=\skip52
\headdrop=\skip53
\normalrulethickness=\skip54
\headwidth=\skip55
\c@storedpagenumber=\count82
\memPD=\dimen102
\m@mabparskip=\skip56
\thanksmarkwidth=\skip57
\thanksmarksep=\skip58
\droptitle=\skip59
\c@book=\count83
\c@part=\count84
\c@chapter=\count85
\c@section=\count86
\c@subsection=\count87
\c@subsubsection=\count88
\c@paragraph=\count89
\c@subparagraph=\count90
\beforechapskip=\skip60
\midchapskip=\skip61
\afterchapskip=\skip62
\chapindent=\skip63
\bottomsectionskip=\skip64
\secindent=\skip65
\beforesecskip=\skip66
\aftersecskip=\skip67
\subsecindent=\skip68
\beforesubsecskip=\skip69
\aftersubsecskip=\skip70
\subsubsecindent=\skip71
\beforesubsubsecskip=\skip72
\aftersubsubsecskip=\skip73
\paraindent=\skip74
\beforeparaskip=\skip75
\afterparaskip=\skip76
\subparaindent=\skip77
\beforesubparaskip=\skip78
\aftersubparaskip=\skip79
\pfbreakskip=\skip80
\c@@ppsavesec=\count91
\c@@ppsaveapp=\count92
\ragrparindent=\dimen103
\everylistparindent=\dimen104
\parsepi=\skip81
\topsepi=\skip82
\itemsepi=\skip83
\parsepii=\skip84
\topsepii=\skip85
\topsepiii=\skip86
\itemsepii=\skip87
\itemsepiii=\skip88
\partopsepii=\skip89
\partopsepiii=\skip90
\m@msavetopsep=\skip91
\m@msavepartopsep=\skip92
\@enLab=\toks14
\abstitleskip=\skip93
\absleftindent=\skip94
\abs@leftindent=\dimen105
\absrightindent=\skip95
\absparindent=\skip96
\absparsep=\skip97
\c@vslineno=\count93
\c@poemline=\count94
\c@modulo@vs=\count95
\c@memfvsline=\count96
\vleftskip=\skip98
\vrightskip=\skip99
\stanzaskip=\skip100
\versewidth=\skip101
\vgap=\skip102
\vindent=\skip103
\vleftmargin=\dimen106
\c@verse=\count97
\c@chrsinstr=\count98
\beforepoemtitleskip=\skip104
\afterpoemtitleskip=\skip105
\c@poem=\count99
\beforePoemTitleskip=\skip106
\midPoemTitleskip=\skip107
\afterPoemTitleskip=\skip108
\col@sep=\dimen107
\extrarowheight=\dimen108
\NC@list=\toks15
\extratabsurround=\skip109
\backup@length=\skip110
\TX@col@width=\dimen109
\TX@old@table=\dimen110
\TX@old@col=\dimen111
\TX@target=\dimen112
\TX@delta=\dimen113
\TX@cols=\count100
\TX@ftn=\toks16
\heavyrulewidth=\dimen114
\lightrulewidth=\dimen115
\cmidrulewidth=\dimen116
\belowrulesep=\dimen117
\belowbottomsep=\dimen118
\aboverulesep=\dimen119
\abovetopsep=\dimen120
\cmidrulesep=\dimen121
\cmidrulekern=\dimen122
\defaultaddspace=\dimen123
\@cmidla=\count101
\@cmidlb=\count102
\@aboverulesep=\dimen124
\@belowrulesep=\dimen125
\@thisruleclass=\count103
\@lastruleclass=\count104
\@thisrulewidth=\dimen126
\ctableftskip=\skip111
\ctabrightskip=\skip112
\abovecolumnspenalty=\count105
\@linestogo=\count106
\@cellstogo=\count107
\@cellsincolumn=\count108
\crtok=\toks17
\@mincolumnwidth=\dimen127
\c@newflo@tctr=\count109
\@contcwidth=\skip113
\@contindw=\skip114
\abovecaptionskip=\skip115
\belowcaptionskip=\skip116
\subfloattopskip=\skip117
\subfloatcapskip=\skip118
\subfloatcaptopadj=\skip119
\subfloatbottomskip=\skip120
\subfloatlabelskip=\skip121
\subfloatcapmargin=\dimen128
\c@@contsubnum=\count110
\m@mscap@capbox=\box26
\m@mscap@fbox=\box27
\sidecapsep=\dimen129
\sidecapwidth=\dimen130
\m@m@tempdima=\dimen131
\m@mscapraise=\dimen132
\sidecapraise=\dimen133
\m@mscapmainwidth=\dimen134
\m@mscaplkern=\dimen135
\beforeepigraphskip=\skip122
\afterepigraphskip=\skip123
\epigraphwidth=\skip124
\epigraphrule=\skip125
LaTeX Info: Redefining \em on input line 7000.
LaTeX Info: Redefining \emph on input line 7008.
\tocentryskip=\skip126
\tocbaseline=\skip127
\cftparskip=\skip128
\cftbeforebookskip=\skip129
\cftbookindent=\dimen136
\cftbooknumwidth=\dimen137
\cftbeforepartskip=\skip130
\cftpartindent=\skip131
\cftpartnumwidth=\skip132
\cftbeforechapterskip=\skip133
\cftchapterindent=\skip134
\cftchapternumwidth=\skip135
\cftbeforesectionskip=\skip136
\cftsectionindent=\skip137
\cftsectionnumwidth=\skip138
\cftbeforesubsectionskip=\skip139
\cftsubsectionindent=\skip140
\cftsubsectionnumwidth=\skip141
\cftbeforesubsubsectionskip=\skip142
\cftsubsubsectionindent=\skip143
\cftsubsubsectionnumwidth=\skip144
\cftbeforeparagraphskip=\skip145
\cftparagraphindent=\skip146
\cftparagraphnumwidth=\skip147
\cftbeforesubparagraphskip=\skip148
\cftsubparagraphindent=\skip149
\cftsubparagraphnumwidth=\skip150
\prechapterprecisshift=\dimen138
\c@maxsecnumdepth=\count111
\bibindent=\dimen139
\bibitemsep=\skip151
\indexcolsep=\skip152
\indexrule=\skip153
\indexmarkstyle=\toks18
\@indexbox=\insert233
\glossarycolsep=\dimen140
\glossaryrule=\dimen141
\sideparvshift=\skip154
\sideins=\insert232
\sidebartopsep=\skip155
\sidebarhsep=\skip156
\sidebarvsep=\skip157
\sidebarwidth=\skip158
\footmarkwidth=\skip159
\footmarksep=\skip160
\footparindent=\skip161
\footinsdim=\skip162
\footinsv@r=\insert231
\@mpfootinsv@r=\insert230
\m@m@k=\count112
\m@m@h=\dimen142
\m@mipn@skip=\skip163
\c@pagenote=\count113
\every@verbatim=\toks19
\afterevery@verbatim=\toks20
\verbatim@line=\toks21
\tab@position=\count114
\verbatim@in@stream=\read1
\verbatimindent=\skip164
\verbatim@out=\write3
\bvboxsep=\skip165
\c@memfbvline=\count115
\c@bvlinectr=\count116
\bvnumlength=\skip166
\fb@frw=\dimen143
\fb@frh=\dimen144
\FrameRule=\dimen145
\FrameSep=\dimen146
\c@cp@cntr=\count117
LaTeX Info: Redefining \: on input line 10864.
LaTeX Info: Redefining \! on input line 10866.
\c@ism@mctr=\count118
\c@xsm@mctr=\count119
\c@csm@mctr=\count120
\c@ksm@mctr=\count121
\c@xksm@mctr=\count122
\c@cksm@mctr=\count123
\c@msm@mctr=\count124
\c@xmsm@mctr=\count125
\c@cmsm@mctr=\count126
\c@bsm@mctr=\count127
\c@workm@mctr=\count128
\c@sheetsequence=\count129
\c@lastsheet=\count130
\c@lastpage=\count131
\c@figure=\count132
\c@lofdepth=\count133
\cftbeforefigureskip=\skip167
\cftfigureindent=\skip168
\cftfigurenumwidth=\skip169
\c@table=\count134
\c@lotdepth=\count135
\cftbeforetableskip=\skip170
\cfttableindent=\skip171
\cfttablenumwidth=\skip172
Package abstract [2008/07/23] emulated by memoir.
Package appendix [2008/07/23] emulated by memoir.
Package array [2008/07/23] emulated by memoir.
Package booktabs [2008/07/23] emulated by memoir.
Package ccaption [2008/07/23] emulated by memoir.
Package changepage [2008/07/23] emulated by memoir.
Package chngcntr [2008/07/23] emulated by memoir.
Package chngpage [2008/07/23] emulated by memoir.
Package crop emulated by memoir.
Package dcolumn [2008/07/23] emulated by memoir.
Package delarray [2008/07/23] emulated by memoir.
Package enumerate [2008/07/23] emulated by memoir.
Package epigraph [2008/07/23] emulated by memoir.
Package ifmtarg [2008/07/23] emulated by memoir.
Package ifetex [2008/07/23] emulated by memoir.
Package index [2008/07/23] emulated by memoir.
Package makeidx [2008/07/23] emulated by memoir.
Package moreverb [2008/07/23] emulated by memoir.
Package mparhack [2008/07/23] emulated by memoir.
Package needspace [2008/07/23] emulated by memoir.
Package newfile [2008/07/23] emulated by memoir.
Package nextpage [2008/07/23] emulated by memoir.
Package pagenote [2008/07/23] emulated by memoir.
Package parskip [2008/07/23] emulated by memoir.
Package patchcmd [2008/07/23] emulated by memoir.
Package setspace [2008/07/23] emulated by memoir.
Package shortvrb [2008/07/23] emulated by memoir.
Package showidx [2008/07/23] emulated by memoir.
Package tabularx [2008/07/23] emulated by memoir.
Package titleref [2008/07/23] emulated by memoir.
Package titling [2008/07/23] emulated by memoir.
Package tocbibind [2008/07/23] emulated by memoir.
Package tocloft [2008/07/23] emulated by memoir.
Package verbatim [2008/07/23] emulated by memoir.
Package verse [2008/07/23] emulated by memoir.

(/usr/share/texmf-texlive/tex/latex/memoir/mempatch.sty
Package: mempatch 2009/07/24 v6.0f Patches for memoir class v1.6180339
)) (./thesis.sty
(/usr/share/texmf-texlive/tex/latex/geometry/geometry.sty
Package: geometry 2008/12/21 v4.2 Page Geometry

(/usr/share/texmf-texlive/tex/latex/graphics/keyval.sty
Package: keyval 1999/03/16 v1.13 key=value parser (DPC)
\KV@toks@=\toks22
)
(/usr/share/texmf-texlive/tex/generic/oberdiek/ifvtex.sty
Package: ifvtex 2008/11/04 v1.4 Switches for detecting VTeX and its modes (HO)
Package ifvtex Info: VTeX not detected.
)
\Gm@cnth=\count136
\Gm@cntv=\count137
\c@Gm@tempcnt=\count138
\Gm@bindingoffset=\dimen147
\Gm@wd@mp=\dimen148
\Gm@odd@mp=\dimen149
\Gm@even@mp=\dimen150
\Gm@dimlist=\toks23

(/usr/share/texmf-texlive/tex/xelatex/xetexconfig/geometry.cfg))
(/usr/share/texmf-texlive/tex/latex/float/float.sty
Package: float 2001/11/08 v1.3d Float enhancements (AL)
\c@float@type=\count139
\float@exts=\toks24
\float@box=\box28
\@float@everytoks=\toks25
\@floatcapt=\box29
)
(/usr/share/texmf-texlive/tex/latex/wrapfig/wrapfig.sty
\wrapoverhang=\dimen151
\WF@size=\dimen152
\c@WF@wrappedlines=\count140
\WF@box=\box30
\WF@everypar=\toks26
Package: wrapfig 2003/01/31  v 3.6
)
(/usr/share/texmf-texlive/tex/latex/sidecap/sidecap.sty
Package: sidecap 2003/06/06 v1.6f SideCap Package (RN/HjG)

(/usr/share/texmf-texlive/tex/latex/base/ifthen.sty
Package: ifthen 2001/05/26 v1.1c Standard LaTeX ifthen package (DPC)
)
\SC@BOXWD=\dimen153
\SC@CAPWD=\dimen154
\SC@tempdima=\dimen155
\SC@tempdimb=\dimen156
\c@SC@C=\count141
\SC@BOX=\box31
)
(/usr/share/texmf-texlive/tex/latex/lineno/lineno.sty
Package: lineno 2005/11/02 line numbers on paragraphs v4.41
\linenopenalty=\count142
\output=\toks27
\linenoprevgraf=\count143
\linenumbersep=\dimen157
\linenumberwidth=\dimen158
\c@linenumber=\count144
\c@pagewiselinenumber=\count145
\c@LN@truepage=\count146
\c@internallinenumber=\count147
\c@internallinenumbers=\count148
\quotelinenumbersep=\dimen159
\bframerule=\dimen160
\bframesep=\dimen161
\bframebox=\box32
LaTeX Info: Redefining \\ on input line 3056.
)
(/usr/share/texmf-texlive/tex/latex/graphics/color.sty
Package: color 2005/11/14 v1.0j Standard LaTeX Color (DPC)

(/etc/texmf/tex/latex/config/color.cfg
File: color.cfg 2007/01/18 v1.5 color configuration of teTeX/TeXLive
)
Package color Info: Driver file: pdftex.def on input line 130.

(/usr/share/texmf-texlive/tex/latex/pdftex-def/pdftex.def
File: pdftex.def 2010/03/12 v0.04p Graphics/color for pdfTeX
\Gread@gobject=\count149
))
(/usr/share/texmf-texlive/tex/latex/graphics/graphicx.sty
Package: graphicx 1999/02/16 v1.0f Enhanced LaTeX Graphics (DPC,SPQR)

(/usr/share/texmf-texlive/tex/latex/graphics/graphics.sty
Package: graphics 2009/02/05 v1.0o Standard LaTeX Graphics (DPC,SPQR)

(/usr/share/texmf-texlive/tex/latex/graphics/trig.sty
Package: trig 1999/03/16 v1.09 sin cos tan (DPC)
)
(/etc/texmf/tex/latex/config/graphics.cfg
File: graphics.cfg 2009/08/28 v1.8 graphics configuration of TeX Live
)
Package graphics Info: Driver file: pdftex.def on input line 91.
)
\Gin@req@height=\dimen162
\Gin@req@width=\dimen163
)
(/usr/share/texmf/tex/latex/pgf/frontendlayer/tikz.sty
(/usr/share/texmf/tex/latex/pgf/basiclayer/pgf.sty
(/usr/share/texmf/tex/latex/pgf/utilities/pgfrcs.sty
(/usr/share/texmf/tex/generic/pgf/utilities/pgfutil-common.tex
\pgfutil@everybye=\toks28
)
(/usr/share/texmf/tex/generic/pgf/utilities/pgfutil-latex.def
\pgfutil@abb=\box33

(/usr/share/texmf-texlive/tex/latex/ms/everyshi.sty
Package: everyshi 2001/05/15 v3.00 EveryShipout Package (MS)
))
(/usr/share/texmf/tex/generic/pgf/utilities/pgfrcs.code.tex
Package: pgfrcs 2010/10/25 v2.10 (rcs-revision 1.24)
))
Package: pgf 2008/01/15 v2.10 (rcs-revision 1.12)

(/usr/share/texmf/tex/latex/pgf/basiclayer/pgfcore.sty
(/usr/share/texmf/tex/latex/pgf/systemlayer/pgfsys.sty
(/usr/share/texmf/tex/generic/pgf/systemlayer/pgfsys.code.tex
Package: pgfsys 2010/06/30 v2.10 (rcs-revision 1.37)

(/usr/share/texmf/tex/generic/pgf/utilities/pgfkeys.code.tex
\pgfkeys@pathtoks=\toks29
\pgfkeys@temptoks=\toks30

(/usr/share/texmf/tex/generic/pgf/utilities/pgfkeysfiltered.code.tex
\pgfkeys@tmptoks=\toks31
))
\pgf@x=\dimen164
\pgf@y=\dimen165
\pgf@xa=\dimen166
\pgf@ya=\dimen167
\pgf@xb=\dimen168
\pgf@yb=\dimen169
\pgf@xc=\dimen170
\pgf@yc=\dimen171
\w@pgf@writea=\write4
\r@pgf@reada=\read2
\c@pgf@counta=\count150
\c@pgf@countb=\count151
\c@pgf@countc=\count152
\c@pgf@countd=\count153

(/usr/share/texmf/tex/generic/pgf/systemlayer/pgf.cfg
File: pgf.cfg 2008/05/14  (rcs-revision 1.7)
)
Package pgfsys Info: Driver file for pgf: pgfsys-pdftex.def on input line 900.

(/usr/share/texmf/tex/generic/pgf/systemlayer/pgfsys-pdftex.def
File: pgfsys-pdftex.def 2009/05/22  (rcs-revision 1.26)

(/usr/share/texmf/tex/generic/pgf/systemlayer/pgfsys-common-pdf.def
File: pgfsys-common-pdf.def 2008/05/19  (rcs-revision 1.10)
)))
(/usr/share/texmf/tex/generic/pgf/systemlayer/pgfsyssoftpath.code.tex
File: pgfsyssoftpath.code.tex 2008/07/18  (rcs-revision 1.7)
\pgfsyssoftpath@smallbuffer@items=\count154
\pgfsyssoftpath@bigbuffer@items=\count155
)
(/usr/share/texmf/tex/generic/pgf/systemlayer/pgfsysprotocol.code.tex
File: pgfsysprotocol.code.tex 2006/10/16  (rcs-revision 1.4)
))
(/usr/share/texmf/tex/latex/xcolor/xcolor.sty
Package: xcolor 2007/01/21 v2.11 LaTeX color extensions (UK)

(/etc/texmf/tex/latex/config/color.cfg
File: color.cfg 2007/01/18 v1.5 color configuration of teTeX/TeXLive
)
Package xcolor Info: Driver file: pdftex.def on input line 225.
LaTeX Info: Redefining \color on input line 702.
Package xcolor Info: Model `cmy' substituted by `cmy0' on input line 1337.
Package xcolor Info: Model `hsb' substituted by `rgb' on input line 1341.
Package xcolor Info: Model `RGB' extended on input line 1353.
Package xcolor Info: Model `HTML' substituted by `rgb' on input line 1355.
Package xcolor Info: Model `Hsb' substituted by `hsb' on input line 1356.
Package xcolor Info: Model `tHsb' substituted by `hsb' on input line 1357.
Package xcolor Info: Model `HSB' substituted by `hsb' on input line 1358.
Package xcolor Info: Model `Gray' substituted by `gray' on input line 1359.
Package xcolor Info: Model `wave' substituted by `hsb' on input line 1360.
)
(/usr/share/texmf/tex/generic/pgf/basiclayer/pgfcore.code.tex
Package: pgfcore 2010/04/11 v2.10 (rcs-revision 1.7)

(/usr/share/texmf/tex/generic/pgf/math/pgfmath.code.tex
(/usr/share/texmf/tex/generic/pgf/math/pgfmathcalc.code.tex
(/usr/share/texmf/tex/generic/pgf/math/pgfmathutil.code.tex)
(/usr/share/texmf/tex/generic/pgf/math/pgfmathparser.code.tex
\pgfmath@dimen=\dimen172
\pgfmath@count=\count156
\pgfmath@box=\box34
\pgfmath@toks=\toks32
\pgfmath@stack@operand=\toks33
\pgfmath@stack@operation=\toks34
)
(/usr/share/texmf/tex/generic/pgf/math/pgfmathfunctions.code.tex
(/usr/share/texmf/tex/generic/pgf/math/pgfmathfunctions.basic.code.tex)
(/usr/share/texmf/tex/generic/pgf/math/pgfmathfunctions.trigonometric.code.tex)
(/usr/share/texmf/tex/generic/pgf/math/pgfmathfunctions.random.code.tex)
(/usr/share/texmf/tex/generic/pgf/math/pgfmathfunctions.comparison.code.tex)
(/usr/share/texmf/tex/generic/pgf/math/pgfmathfunctions.base.code.tex)
(/usr/share/texmf/tex/generic/pgf/math/pgfmathfunctions.round.code.tex)
(/usr/share/texmf/tex/generic/pgf/math/pgfmathfunctions.misc.code.tex)))
(/usr/share/texmf/tex/generic/pgf/math/pgfmathfloat.code.tex
\c@pgfmathroundto@lastzeros=\count157
))
(/usr/share/texmf/tex/generic/pgf/basiclayer/pgfcorepoints.code.tex
File: pgfcorepoints.code.tex 2010/04/09  (rcs-revision 1.20)
\pgf@picminx=\dimen173
\pgf@picmaxx=\dimen174
\pgf@picminy=\dimen175
\pgf@picmaxy=\dimen176
\pgf@pathminx=\dimen177
\pgf@pathmaxx=\dimen178
\pgf@pathminy=\dimen179
\pgf@pathmaxy=\dimen180
\pgf@xx=\dimen181
\pgf@xy=\dimen182
\pgf@yx=\dimen183
\pgf@yy=\dimen184
\pgf@zx=\dimen185
\pgf@zy=\dimen186
)
(/usr/share/texmf/tex/generic/pgf/basiclayer/pgfcorepathconstruct.code.tex
File: pgfcorepathconstruct.code.tex 2010/08/03  (rcs-revision 1.24)
\pgf@path@lastx=\dimen187
\pgf@path@lasty=\dimen188
)
(/usr/share/texmf/tex/generic/pgf/basiclayer/pgfcorepathusage.code.tex
File: pgfcorepathusage.code.tex 2008/04/22  (rcs-revision 1.12)
\pgf@shorten@end@additional=\dimen189
\pgf@shorten@start@additional=\dimen190
)
(/usr/share/texmf/tex/generic/pgf/basiclayer/pgfcorescopes.code.tex
File: pgfcorescopes.code.tex 2010/09/08  (rcs-revision 1.34)
\pgfpic=\box35
\pgf@hbox=\box36
\pgf@layerbox@main=\box37
\pgf@picture@serial@count=\count158
)
(/usr/share/texmf/tex/generic/pgf/basiclayer/pgfcoregraphicstate.code.tex
File: pgfcoregraphicstate.code.tex 2008/04/22  (rcs-revision 1.9)
\pgflinewidth=\dimen191
)
(/usr/share/texmf/tex/generic/pgf/basiclayer/pgfcoretransformations.code.tex
File: pgfcoretransformations.code.tex 2009/06/10  (rcs-revision 1.11)
\pgf@pt@x=\dimen192
\pgf@pt@y=\dimen193
\pgf@pt@temp=\dimen194
)
(/usr/share/texmf/tex/generic/pgf/basiclayer/pgfcorequick.code.tex
File: pgfcorequick.code.tex 2008/10/09  (rcs-revision 1.3)
)
(/usr/share/texmf/tex/generic/pgf/basiclayer/pgfcoreobjects.code.tex
File: pgfcoreobjects.code.tex 2006/10/11  (rcs-revision 1.2)
)
(/usr/share/texmf/tex/generic/pgf/basiclayer/pgfcorepathprocessing.code.tex
File: pgfcorepathprocessing.code.tex 2008/10/09  (rcs-revision 1.8)
)
(/usr/share/texmf/tex/generic/pgf/basiclayer/pgfcorearrows.code.tex
File: pgfcorearrows.code.tex 2008/04/23  (rcs-revision 1.11)
)
(/usr/share/texmf/tex/generic/pgf/basiclayer/pgfcoreshade.code.tex
File: pgfcoreshade.code.tex 2008/11/23  (rcs-revision 1.13)
\pgf@max=\dimen195
\pgf@sys@shading@range@num=\count159
)
(/usr/share/texmf/tex/generic/pgf/basiclayer/pgfcoreimage.code.tex
File: pgfcoreimage.code.tex 2010/03/25  (rcs-revision 1.16)

(/usr/share/texmf/tex/generic/pgf/basiclayer/pgfcoreexternal.code.tex
File: pgfcoreexternal.code.tex 2010/09/01  (rcs-revision 1.17)
\pgfexternal@startupbox=\box38
))
(/usr/share/texmf/tex/generic/pgf/basiclayer/pgfcorelayers.code.tex
File: pgfcorelayers.code.tex 2010/08/27  (rcs-revision 1.2)
)
(/usr/share/texmf/tex/generic/pgf/basiclayer/pgfcoretransparency.code.tex
File: pgfcoretransparency.code.tex 2008/01/17  (rcs-revision 1.2)
)
(/usr/share/texmf/tex/generic/pgf/basiclayer/pgfcorepatterns.code.tex
File: pgfcorepatterns.code.tex 2009/07/02  (rcs-revision 1.3)
)))
(/usr/share/texmf/tex/generic/pgf/modules/pgfmoduleshapes.code.tex
File: pgfmoduleshapes.code.tex 2010/09/09  (rcs-revision 1.13)
\pgfnodeparttextbox=\box39
)
(/usr/share/texmf/tex/generic/pgf/modules/pgfmoduleplot.code.tex
File: pgfmoduleplot.code.tex 2010/10/22  (rcs-revision 1.8)
)
(/usr/share/texmf/tex/latex/pgf/compatibility/pgfcomp-version-0-65.sty
Package: pgfcomp-version-0-65 2007/07/03 v2.10 (rcs-revision 1.7)
\pgf@nodesepstart=\dimen196
\pgf@nodesepend=\dimen197
)
(/usr/share/texmf/tex/latex/pgf/compatibility/pgfcomp-version-1-18.sty
Package: pgfcomp-version-1-18 2007/07/23 v2.10 (rcs-revision 1.1)
))
(/usr/share/texmf/tex/latex/pgf/utilities/pgffor.sty
(/usr/share/texmf/tex/latex/pgf/utilities/pgfkeys.sty
(/usr/share/texmf/tex/generic/pgf/utilities/pgfkeys.code.tex))
(/usr/share/texmf/tex/generic/pgf/utilities/pgffor.code.tex
Package: pgffor 2010/03/23 v2.10 (rcs-revision 1.18)
\pgffor@iter=\dimen198
\pgffor@skip=\dimen199
\pgffor@stack=\toks35
\pgffor@toks=\toks36
))
(/usr/share/texmf/tex/generic/pgf/frontendlayer/tikz/tikz.code.tex
Package: tikz 2010/10/13 v2.10 (rcs-revision 1.76)

(/usr/share/texmf/tex/generic/pgf/libraries/pgflibraryplothandlers.code.tex
File: pgflibraryplothandlers.code.tex 2010/05/31 v2.10 (rcs-revision 1.15)
\pgf@plot@mark@count=\count160
\pgfplotmarksize=\dimen200
)
\tikz@lastx=\dimen201
\tikz@lasty=\dimen202
\tikz@lastxsaved=\dimen203
\tikz@lastysaved=\dimen204
\tikzleveldistance=\dimen205
\tikzsiblingdistance=\dimen206
\tikz@figbox=\box40
\tikz@tempbox=\box41
\tikztreelevel=\count161
\tikznumberofchildren=\count162
\tikznumberofcurrentchild=\count163
\tikz@fig@count=\count164

(/usr/share/texmf/tex/generic/pgf/modules/pgfmodulematrix.code.tex
File: pgfmodulematrix.code.tex 2010/08/24  (rcs-revision 1.4)
\pgfmatrixcurrentrow=\count165
\pgfmatrixcurrentcolumn=\count166
\pgf@matrix@numberofcolumns=\count167
)
\tikz@expandcount=\count168

(/usr/share/texmf/tex/generic/pgf/frontendlayer/tikz/libraries/tikzlibrarytopat
hs.code.tex
File: tikzlibrarytopaths.code.tex 2008/06/17 v2.10 (rcs-revision 1.2)
))) (/usr/share/texmf-texlive/tex/latex/subfig/subfig.sty
Package: subfig 2005/06/28 ver: 1.3 subfig package


Class memoir Warning: You are using the caption package with the memoir 
(memoir)              class. This may cause unexpected or inconsistent 
(memoir)              results if you use any of memoir's captioning facilities.


(/usr/share/texmf-texlive/tex/latex/caption/caption.sty
Package: caption 2009/10/09 v3.1k Customizing captions (AR)

(/usr/share/texmf-texlive/tex/latex/caption/caption3.sty
Package: caption3 2009/10/09 v3.1k caption3 kernel (AR)
\captionmargin=\dimen207
\captionmargin@=\dimen208
\captionwidth=\dimen209
\caption@indent=\dimen210
\caption@parindent=\dimen211
\caption@hangindent=\dimen212
)
\c@ContinuedFloat=\count169
Package caption Info: float package is loaded.
Package caption Info: sidecap package is loaded.
Package caption Info: wrapfig package is loaded.
)
\c@KVtest=\count170
\sf@farskip=\skip173
\sf@captopadj=\dimen213
\sf@capskip=\skip174
\sf@nearskip=\skip175
\c@subfigure=\count171
\c@subfigure@save=\count172
\c@subtable=\count173
\c@subtable@save=\count174
\sf@top=\skip176
\sf@bottom=\skip177
)
(/usr/share/texmf-texlive/tex/latex/amsmath/amsmath.sty
Package: amsmath 2000/07/18 v2.13 AMS math features
\@mathmargin=\skip178

For additional information on amsmath, use the `?' option.
(/usr/share/texmf-texlive/tex/latex/amsmath/amstext.sty
Package: amstext 2000/06/29 v2.01

(/usr/share/texmf-texlive/tex/latex/amsmath/amsgen.sty
File: amsgen.sty 1999/11/30 v2.0
\@emptytoks=\toks37
\ex@=\dimen214
))
(/usr/share/texmf-texlive/tex/latex/amsmath/amsbsy.sty
Package: amsbsy 1999/11/29 v1.2d
\pmbraise@=\dimen215
)
(/usr/share/texmf-texlive/tex/latex/amsmath/amsopn.sty
Package: amsopn 1999/12/14 v2.01 operator names
)
\inf@bad=\count175
LaTeX Info: Redefining \frac on input line 211.
\uproot@=\count176
\leftroot@=\count177
LaTeX Info: Redefining \overline on input line 307.
\classnum@=\count178
\DOTSCASE@=\count179
LaTeX Info: Redefining \ldots on input line 379.
LaTeX Info: Redefining \dots on input line 382.
LaTeX Info: Redefining \cdots on input line 467.
\Mathstrutbox@=\box42
\strutbox@=\box43
\big@size=\dimen216
LaTeX Font Info:    Redeclaring font encoding OML on input line 567.
LaTeX Font Info:    Redeclaring font encoding OMS on input line 568.
\macc@depth=\count180
\c@MaxMatrixCols=\count181
\dotsspace@=\muskip10
\c@parentequation=\count182
\dspbrk@lvl=\count183
\tag@help=\toks38
\row@=\count184
\column@=\count185
\maxfields@=\count186
\andhelp@=\toks39
\eqnshift@=\dimen217
\alignsep@=\dimen218
\tagshift@=\dimen219
\tagwidth@=\dimen220
\totwidth@=\dimen221
\lineht@=\dimen222
\@envbody=\toks40
\multlinegap=\skip179
\multlinetaggap=\skip180
\mathdisplay@stack=\toks41
LaTeX Info: Redefining \[ on input line 2666.
LaTeX Info: Redefining \] on input line 2667.
)
(/usr/share/texmf-texlive/tex/latex/amsfonts/amssymb.sty
Package: amssymb 2009/06/22 v3.00

(/usr/share/texmf-texlive/tex/latex/amsfonts/amsfonts.sty
Package: amsfonts 2009/06/22 v3.00 Basic AMSFonts support
\symAMSa=\mathgroup4
\symAMSb=\mathgroup5
LaTeX Font Info:    Overwriting math alphabet `\mathfrak' in version `bold'
(Font)                  U/euf/m/n --> U/euf/b/n on input line 96.
))
(/usr/share/texmf-texlive/tex/latex/listings/listings.sty
\lst@mode=\count187
\lst@gtempboxa=\box44
\lst@token=\toks42
\lst@length=\count188
\lst@currlwidth=\dimen223
\lst@column=\count189
\lst@pos=\count190
\lst@lostspace=\dimen224
\lst@width=\dimen225
\lst@newlines=\count191
\lst@lineno=\count192
\lst@maxwidth=\dimen226

(/usr/share/texmf-texlive/tex/latex/listings/lstmisc.sty
File: lstmisc.sty 2007/02/22 1.4 (Carsten Heinz)
\c@lstnumber=\count193
\lst@skipnumbers=\count194
\lst@framebox=\box45
)
(/usr/share/texmf-texlive/tex/latex/listings/listings.cfg
File: listings.cfg 2007/02/22 1.4 listings configuration
))
Package: listings 2007/02/22 1.4 (Carsten Heinz)

(/usr/share/texmf-texlive/tex/latex/listings/lstlang1.sty
File: lstlang1.sty 2004/09/05 1.3 listings language file
)
(/usr/share/texmf-texlive/tex/latex/listings/lstlang1.sty
File: lstlang1.sty 2004/09/05 1.3 listings language file
)
(/usr/share/texmf-texlive/tex/latex/listings/lstmisc.sty
File: lstmisc.sty 2007/02/22 1.4 (Carsten Heinz)
)

! Package Listings Error: Numbers \left  unknown.

See the Listings package documentation for explanation.
Type  H <return>  for immediate help.
 ...                                              
                                                  
l.128 }
       %}
Try typing  <return>  to proceed.
If that doesn't work, type  X <return>  to quit.


! Package keyval Error: xtopmargin undefined.

See the keyval package documentation for explanation.
Type  H <return>  for immediate help.
 ...                                              
                                                  
l.128 }
       %}
Try typing  <return>  to proceed.
If that doesn't work, type  X <return>  to quit.

(/usr/share/texmf-texlive/tex/latex/listings/lstlang1.sty
File: lstlang1.sty 2004/09/05 1.3 listings language file
)
(/usr/share/texmf-texlive/tex/latex/listings/lstlang2.sty
File: lstlang2.sty 2004/09/05 1.3 listings language file
)
(/usr/share/texmf-texlive/tex/latex/listings/lstlang3.sty
File: lstlang3.sty 2004/09/05 1.3 listings language file
)

! Package Listings Error: Couldn't load requested language.

See the Listings package documentation for explanation.
Type  H <return>  for immediate help.
 ...                                              
                                                  
l.133 }
       
The following languages weren't loadable:
    ,c++java$
This may cause errors in the sequel.

(/usr/share/texmf-texlive/tex/latex/hyperref/hyperref.sty
Package: hyperref 2009/10/09 v6.79a Hypertext links for LaTeX

(/usr/share/texmf-texlive/tex/latex/oberdiek/hycolor.sty
Package: hycolor 2009/10/02 v1.5 Code for color options of hyperref/bookmark (H
O)

(/usr/share/texmf-texlive/tex/latex/oberdiek/xcolor-patch.sty
Package: xcolor-patch 2009/10/02 xcolor patch
))
\@linkdim=\dimen227
\Hy@linkcounter=\count195
\Hy@pagecounter=\count196

(/usr/share/texmf-texlive/tex/latex/hyperref/pd1enc.def
File: pd1enc.def 2009/10/09 v6.79a Hyperref: PDFDocEncoding definition (HO)
)
(/usr/share/texmf-texlive/tex/generic/oberdiek/etexcmds.sty
Package: etexcmds 2007/12/12 v1.2 Prefix for e-TeX command names (HO)

(/usr/share/texmf-texlive/tex/generic/oberdiek/infwarerr.sty
Package: infwarerr 2007/09/09 v1.2 Providing info/warning/message (HO)
)
Package etexcmds Info: Could not find \expanded.
(etexcmds)             That can mean that you are not using pdfTeX 1.50 or
(etexcmds)             that some package has redefined \expanded.
(etexcmds)             In the latter case, load this package earlier.
)
(/usr/share/texmf-texlive/tex/latex/latexconfig/hyperref.cfg
File: hyperref.cfg 2002/06/06 v1.2 hyperref configuration of TeXLive
)
(/usr/share/texmf-texlive/tex/latex/oberdiek/kvoptions.sty
Package: kvoptions 2009/08/13 v3.4 Keyval support for LaTeX options (HO)

(/usr/share/texmf-texlive/tex/generic/oberdiek/kvsetkeys.sty
Package: kvsetkeys 2009/07/30 v1.5 Key value parser with default handler suppor
t (HO)
))
Package hyperref Info: Hyper figures OFF on input line 2975.
Package hyperref Info: Link nesting OFF on input line 2980.
Package hyperref Info: Hyper index ON on input line 2983.
Package hyperref Info: Plain pages OFF on input line 2990.
Package hyperref Info: Backreferencing OFF on input line 2995.

Implicit mode ON; LaTeX internals redefined
Package hyperref Info: Bookmarks ON on input line 3191.
(/usr/share/texmf-texlive/tex/latex/ltxmisc/url.sty
\Urlmuskip=\muskip11
Package: url 2006/04/12  ver 3.3  Verb mode for urls, etc.
)
LaTeX Info: Redefining \url on input line 3428.

(/usr/share/texmf-texlive/tex/generic/oberdiek/bitset.sty
Package: bitset 2007/09/28 v1.0 Data type bit set (HO)

(/usr/share/texmf-texlive/tex/generic/oberdiek/intcalc.sty
Package: intcalc 2007/09/27 v1.1 Expandable integer calculations (HO)
)
(/usr/share/texmf-texlive/tex/generic/oberdiek/bigintcalc.sty
Package: bigintcalc 2007/11/11 v1.1 Expandable big integer calculations (HO)

(/usr/share/texmf-texlive/tex/generic/oberdiek/pdftexcmds.sty
Package: pdftexcmds 2009/09/23 v0.6 LuaTeX support for pdfTeX utility functions
 (HO)

(/usr/share/texmf-texlive/tex/generic/oberdiek/ltxcmds.sty
Package: ltxcmds 2009/08/05 v1.0 Some LaTeX kernel commands for general use (HO
)
)
Package pdftexcmds Info: LuaTeX not detected.
Package pdftexcmds Info: \pdf@primitive is available.
Package pdftexcmds Info: \pdf@ifprimitive is available.
)))
\Fld@menulength=\count197
\Field@Width=\dimen228
\Fld@charsize=\dimen229
\Field@toks=\toks43
Package hyperref Info: Hyper figures OFF on input line 4377.
Package hyperref Info: Link nesting OFF on input line 4382.
Package hyperref Info: Hyper index ON on input line 4385.
Package hyperref Info: backreferencing OFF on input line 4392.
Package hyperref Info: Link coloring OFF on input line 4397.
Package hyperref Info: Link coloring with OCG OFF on input line 4402.
Package hyperref Info: PDF/A mode OFF on input line 4407.

(/usr/share/texmf-texlive/tex/generic/oberdiek/atbegshi.sty
Package: atbegshi 2008/07/31 v1.9 At begin shipout hook (HO)
)
\Hy@abspage=\count198
\c@Item=\count199
)
(/usr/share/texmf-texlive/tex/latex/memoir/memhfixc.sty
Package: memhfixc 2009/02/06 v1.12 nameref/hyperref package fixes for memoir cl
ass
\c@memhycontfloat=\count200
)
*hyperref using driver hpdftex*
(/usr/share/texmf-texlive/tex/latex/hyperref/hpdftex.def
File: hpdftex.def 2009/10/09 v6.79a Hyperref driver for pdfTeX
\Fld@listcount=\count201
)
(/usr/share/texmf-texlive/tex/latex/fancyhdr/fancyhdr.sty
\fancy@headwidth=\skip181
\f@ncyO@elh=\skip182
\f@ncyO@erh=\skip183
\f@ncyO@olh=\skip184
\f@ncyO@orh=\skip185
\f@ncyO@elf=\skip186
\f@ncyO@erf=\skip187
\f@ncyO@olf=\skip188
\f@ncyO@orf=\skip189


! LaTeX Error: Command \footruleskip already defined.
               Or name \end... illegal, see p.192 of the manual.

See the LaTeX manual or LaTeX Companion for explanation.
Type  H <return>  for immediate help.
 ...                                              
                                                  
l.302 ...and{\footruleskip}{.3\normalbaselineskip}
                                                  
Your command was ignored.
Type  I <command> <return>  to replace it with another command,
or  <return>  to continue without it.

)) (./thesis.aux

LaTeX Warning: Label `eq:MM' multiply defined.

)
\openout1 = `thesis.aux'.

LaTeX Font Info:    Checking defaults for OML/cmm/m/it on input line 29.
LaTeX Font Info:    ... okay on input line 29.
LaTeX Font Info:    Checking defaults for T1/cmr/m/n on input line 29.
LaTeX Font Info:    ... okay on input line 29.
LaTeX Font Info:    Checking defaults for OT1/cmr/m/n on input line 29.
LaTeX Font Info:    ... okay on input line 29.
LaTeX Font Info:    Checking defaults for OMS/cmsy/m/n on input line 29.
LaTeX Font Info:    ... okay on input line 29.
LaTeX Font Info:    Checking defaults for OMX/cmex/m/n on input line 29.
LaTeX Font Info:    ... okay on input line 29.
LaTeX Font Info:    Checking defaults for U/cmr/m/n on input line 29.
LaTeX Font Info:    ... okay on input line 29.
LaTeX Font Info:    Checking defaults for PD1/pdf/m/n on input line 29.
LaTeX Font Info:    ... okay on input line 29.

*geometry auto-detecting driver*
*geometry detected driver: pdftex*
-------------------- Geometry parameters
paper: a4paper
landscape: --
twocolumn: --
twoside: true
asymmetric: --
h-parts: 85.35826pt, 426.79135pt, 85.35826pt
v-parts: 85.35826pt, 674.33032pt, 85.35826pt
hmarginratio: --
vmarginratio: --
lines: --
heightrounded: --
bindingoffset: 0.0pt
truedimen: --
includehead: --
includefoot: --
includemp: --
driver: pdftex
-------------------- Page layout dimensions and switches
\paperwidth  597.50787pt
\paperheight 845.04684pt
\textwidth  426.79135pt
\textheight 674.33032pt
\oddsidemargin  13.08827pt
\evensidemargin 13.08827pt
\topmargin  -20.78552pt
\headheight 14.0pt
\headsep    19.8738pt
\footskip   30.0pt
\marginparwidth 92.0pt
\marginparsep   7.0pt
\columnsep  10.0pt
\skip\footins  12.0pt plus 4.0pt minus 4.0pt
\hoffset 0.0pt
\voffset 0.0pt
\mag 1000
\@twosidetrue \@mparswitchtrue 
(1in=72.27pt, 1cm=28.45pt)
-----------------------
(/usr/share/texmf-texlive/tex/latex/ms/ragged2e.sty
Package: ragged2e 2009/05/21 v2.1 ragged2e Package (MS)

(/usr/share/texmf-texlive/tex/latex/ms/everysel.sty
Package: everysel 1999/06/08 v1.03 EverySelectfont Package (MS)
LaTeX Info: Redefining \selectfont on input line 125.
)
\CenteringLeftskip=\skip190
\RaggedLeftLeftskip=\skip191
\RaggedRightLeftskip=\skip192
\CenteringRightskip=\skip193
\RaggedLeftRightskip=\skip194
\RaggedRightRightskip=\skip195
\CenteringParfillskip=\skip196
\RaggedLeftParfillskip=\skip197
\RaggedRightParfillskip=\skip198
\JustifyingParfillskip=\skip199
\CenteringParindent=\skip200
\RaggedLeftParindent=\skip201
\RaggedRightParindent=\skip202
\JustifyingParindent=\skip203
)
(/usr/share/texmf-texlive/tex/context/base/supp-pdf.mkii
[Loading MPS to PDF converter (version 2006.09.02).]
\scratchcounter=\count202
Normal \dimen register pool exhausted, switching to extended pool.
\scratchdimen=\dimen256
\scratchbox=\box46
\nofMPsegments=\count203
\nofMParguments=\count204
\everyMPshowfont=\toks44
\MPscratchCnt=\count205
\MPscratchDim=\dimen257
\MPnumerator=\count206
\everyMPtoPDFconversion=\toks45
) ABD: EveryShipout initializing macros
Package caption Info: Begin \AtBeginDocument code.
Package caption3 Info: subfig package 1.2 or 1.3 is loaded.
LaTeX Info: Redefining \subref on input line 29.
Package caption Info: Incompatible package detected (regarding \caption).
(caption)             \caption = \long macro:->\donemaincaptiontrue \m@moldhypc
aption .


Package caption Warning: \caption will not be redefined since it's already
(caption)                redefined by a document class or package which is
(caption)                unknown to the caption package.
See the caption package documentation for explanation.

Package caption Info: hyperref package is loaded.
Package caption Info: listings package is loaded.
Package caption Info: End \AtBeginDocument code.
\c@lstlisting=\count207
Package hyperref Info: Link coloring OFF on input line 29.
(/usr/share/texmf-texlive/tex/latex/hyperref/nameref.sty
Package: nameref 2007/05/29 v2.31 Cross-referencing by name of section

(/usr/share/texmf-texlive/tex/latex/oberdiek/refcount.sty
Package: refcount 2008/08/11 v3.1 Data extraction from references (HO)
)
\c@section@level=\count208
)
LaTeX Info: Redefining \ref on input line 29.
LaTeX Info: Redefining \pageref on input line 29.
 (./thesis.out)
(./thesis.out)
\@outlinefile=\write5
\openout5 = `thesis.out'.

\AtBeginShipoutBox=\box47

Redoing nameref's sectioning
Redoing nameref's label

! LaTeX Error: Environment titlepage undefined.

See the LaTeX manual or LaTeX Companion for explanation.
Type  H <return>  for immediate help.
 ...                                              
                                                  
l.32 \maketitle
               
Your command was ignored.
Type  I <command> <return>  to replace it with another command,
or  <return>  to continue without it.

<./resources/img/LogoUniBasel.pdf, id=114, 171.64125pt x 12.045pt>
File: ./resources/img/LogoUniBasel.pdf Graphic file (type pdf)

<use ./resources/img/LogoUniBasel.pdf>
<./resources/img/SignetUniBasel.pdf, id=115, 160.6pt x 222.8325pt>
File: ./resources/img/SignetUniBasel.pdf Graphic file (type pdf)

<use ./resources/img/SignetUniBasel.pdf>

! LaTeX Error: \begin{document} ended by \end{titlepage}.

See the LaTeX manual or LaTeX Companion for explanation.
Type  H <return>  for immediate help.
 ...                                              
                                                  
l.32 \maketitle
               
Your command was ignored.
Type  I <command> <return>  to replace it with another command,
or  <return>  to continue without it.

[1

{/var/lib/texmf/fonts/map/pdftex/updmap/pdftex.map} <./resources/img/LogoUniBas
el.pdf> <./resources/img/SignetUniBasel.pdf>] (./abstract.tex) [2]
(./thesis.toc
LaTeX Font Info:    Try loading font information for U+msa on input line 1.
 (/usr/share/texmf-texlive/tex/latex/amsfonts/umsa.fd
File: umsa.fd 2009/06/22 v3.00 AMS symbols A
)
LaTeX Font Info:    Try loading font information for U+msb on input line 1.

(/usr/share/texmf-texlive/tex/latex/amsfonts/umsb.fd
File: umsb.fd 2009/06/22 v3.00 AMS symbols B
) [3])
(./chapters/chapter1.tex [4]

LaTeX Warning: Characters dropped after `\end{comment}' on input line 9.

[5

]) (./chapters/chapter2.tex

Package Fancyhdr Warning: \headheight is too small (14.0pt): 
 Make it at least 14.49998pt.
 We now make it that large for the rest of the document.
 This may cause the page layout to be inconsistent, however.

[6] [7

]

LaTeX Warning: Characters dropped after `\end{comment}' on input line 43.

[8] <./resources/figures/scanner.pdf, id=214, 701.62125pt x 542.025pt>
File: ./resources/figures/scanner.pdf Graphic file (type pdf)

<use ./resources/figures/scanner.pdf>

! LaTeX Error: Unknown graphics extension: .eps.

See the LaTeX manual or LaTeX Companion for explanation.
Type  H <return>  for immediate help.
 ...                                              
                                                  
l.58 ...extwidth]{./resources/figures/shells.eps}}
                                                  
Try typing  <return>  to proceed.
If that doesn't work, type  X <return>  to quit.


Overfull \hbox (12.77782pt too wide) in paragraph at lines 58--58
[]\OT1/cmr/m/n/10 (a)
 []


Overfull \hbox (12.63892pt too wide) in paragraph at lines 58--58
|\OT1/cmr/m/n/10 3D
 []


Overfull \hbox (23.44447pt too wide) in paragraph at lines 58--58
\OT1/cmr/m/n/10 shells| 
 []


! LaTeX Error: Unknown graphics extension: .eps.

See the LaTeX manual or LaTeX Companion for explanation.
Type  H <return>  for immediate help.
 ...                                              
                                                  
l.59 ...\textwidth]{./resources/figures/scan.eps}}
                                                  
Try typing  <return>  to proceed.
If that doesn't work, type  X <return>  to quit.


Overfull \hbox (13.33337pt too wide) in paragraph at lines 59--59
[]\OT1/cmr/m/n/10 (b)
 []


Overfull \hbox (31.6945pt too wide) in paragraph at lines 59--59
|\OT1/cmr/m/n/10 merged
 []


Overfull \hbox (23.44447pt too wide) in paragraph at lines 59--59
\OT1/cmr/m/n/10 shells| 
 []


! LaTeX Error: Unknown graphics extension: .eps.

See the LaTeX manual or LaTeX Companion for explanation.
Type  H <return>  for immediate help.
 ...                                              
                                                  
l.67 ...th]{./resources/figures/schema_marked.eps}
                                                  
Try typing  <return>  to proceed.
If that doesn't work, type  X <return>  to quit.

)

LaTeX Warning: `!h' float specifier changed to `!ht'.

[9 <./resources/figures/scanner.pdf>] (./chapters/chapter3.tex [10] [11

]

! LaTeX Error: Unknown graphics extension: .eps.

See the LaTeX manual or LaTeX Companion for explanation.
Type  H <return>  for immediate help.
 ...                                              
                                                  
l.44 ...twidth]{./resources/figures/gp_prior.eps}}
                                                  
Try typing  <return>  to proceed.
If that doesn't work, type  X <return>  to quit.


Overfull \hbox (12.77782pt too wide) in paragraph at lines 44--44
[]\OT1/cmr/m/n/10 (a)
 []


Overfull \hbox (22.22227pt too wide) in paragraph at lines 44--44
|\OT1/cmr/m/n/10 Sam-
 []


Overfull \hbox (16.72224pt too wide) in paragraph at lines 44--44
\OT1/cmr/m/n/10 ples
 []


Overfull \hbox (26.97227pt too wide) in paragraph at lines 44--44
\OT1/cmr/m/n/10 drawn
 []


Overfull \hbox (20.30562pt too wide) in paragraph at lines 44--44
\OT1/cmr/m/n/10 from
 []


Overfull \hbox (13.88892pt too wide) in paragraph at lines 44--44
\OT1/cmr/m/n/10 the
 []


Overfull \hbox (21.16672pt too wide) in paragraph at lines 44--44
\OT1/cmr/m/n/10 prior| 
 []


! LaTeX Error: Unknown graphics extension: .eps.

See the LaTeX manual or LaTeX Companion for explanation.
Type  H <return>  for immediate help.
 ...                                              
                                                  
l.45 ...th]{./resources/figures/gp_posterior.eps}}
                                                  
Try typing  <return>  to proceed.
If that doesn't work, type  X <return>  to quit.


Overfull \hbox (13.33337pt too wide) in paragraph at lines 45--45
[]\OT1/cmr/m/n/10 (b)
 []


Overfull \hbox (22.22227pt too wide) in paragraph at lines 45--45
|\OT1/cmr/m/n/10 Sam-
 []


Overfull \hbox (16.72224pt too wide) in paragraph at lines 45--45
\OT1/cmr/m/n/10 ples
 []


Overfull \hbox (11.38892pt too wide) in paragraph at lines 45--45
\OT1/cmr/m/n/10 af-
 []


Overfull \hbox (12.25002pt too wide) in paragraph at lines 45--45
\OT1/cmr/m/n/10 ter
 []


Overfull \hbox (5.00002pt too wide) in paragraph at lines 45--45
\OT1/cmr/m/n/10 a
 []


Overfull \hbox (14.72224pt too wide) in paragraph at lines 45--45
\OT1/cmr/m/n/10 few
 []


Overfull \hbox (13.88892pt too wide) in paragraph at lines 45--45
\OT1/cmr/m/n/10 ob-
 []


Overfull \hbox (15.63889pt too wide) in paragraph at lines 45--45
\OT1/cmr/m/n/10 ser-
 []


Overfull \hbox (13.05559pt too wide) in paragraph at lines 45--45
\OT1/cmr/m/n/10 va-
 []


Overfull \hbox (21.16672pt too wide) in paragraph at lines 45--45
\OT1/cmr/m/n/10 tions| 
 []


LaTeX Warning: `!h' float specifier changed to `!ht'.


Underfull \vbox (badness 10000) has occurred while \output is active []

 [12]
[13] [14]
! Undefined control sequence.
l.137 ...and is to register a reference or \textbb
                                                  {template} face mesh with ...
The control sequence at the end of the top line
of your error message was never \def'ed. If you have
misspelled it (e.g., `\hobx'), type `I' and the correct
spelling (e.g., `I\hbox'). Otherwise just continue,
and I'll forget about whatever was undefined.


Overfull \hbox (0.3216pt too wide) in paragraph at lines 141--144
\OT1/cmr/bx/n/12 Vector-valued Gaus-sian Pro-cesses[] \OT1/cmr/m/n/12 In or-der
 to use Gaus-sian Pro-cesses to model
 []

[15]

pdfTeX warning: pdflatex (file ./resources/img/prior_deformations.pdf): PDF inc
lusion: found PDF version <1.5>, but at most version <1.4> allowed
<./resources/img/prior_deformations.pdf, id=283, 593.87534pt x 242.08028pt>
File: ./resources/img/prior_deformations.pdf Graphic file (type pdf)

<use ./resources/img/prior_deformations.pdf>

pdfTeX warning: pdflatex (file ./resources/img/posterior_deformations.pdf): PDF
 inclusion: found PDF version <1.5>, but at most version <1.4> allowed

<./resources/img/posterior_deformations.pdf, id=286, 600.24586pt x 229.33923pt>
File: ./resources/img/posterior_deformations.pdf Graphic file (type pdf)
<use ./resources/img/posterior_deformations.pdf> [16 <./resources/img/prior_def
ormations.pdf>]

pdfTeX warning: pdflatex (file ./resources/img/posterior_deformation_landmarks_
front.pdf): PDF inclusion: found PDF version <1.5>, but at most version <1.4> a
llowed

<./resources/img/posterior_deformation_landmarks_front.pdf, id=313, 230.25342pt
 x 242.87009pt>
File: ./resources/img/posterior_deformation_landmarks_front.pdf Graphic file (t
ype pdf)

<use ./resources/img/posterior_deformation_landmarks_front.pdf>
Underfull \hbox (badness 1596) in paragraph at lines 202--202
[]\OT1/cmr/m/n/10 (a) |Sam-ple pos-te-rior mesh
 []



pdfTeX warning: pdflatex (file ./resources/img/deformation_prior_msh.pdf): PDF 
inclusion: found PDF version <1.5>, but at most version <1.4> allowed

<./resources/img/deformation_prior_msh.pdf, id=315, 226.08873pt x 245.74864pt>
File: ./resources/img/deformation_prior_msh.pdf Graphic file (type pdf)

<use ./resources/img/deformation_prior_msh.pdf>

LaTeX Warning: `!h' float specifier changed to `!ht'.

[17 <./resources/img/posterior_deformations.pdf>]
Underfull \hbox (badness 10000) in paragraph at lines 216--218

 []

[18 <./resources/img/posterior_deformation_landmarks_front.pdf> <./resources/im
g/deformation_prior_msh.pdf>]) (./chapters/chapter4.tex [19] [20

]
<./resources/img/eyebrow_left.jpeg, id=367, 442.16806pt x 273.86526pt>
File: ./resources/img/eyebrow_left.jpeg Graphic file (type jpg)

<use ./resources/img/eyebrow_left.jpeg> [21 <./resources/img/eyebrow_left.jpeg>
]

pdfTeX warning: pdflatex (file ./resources/figures/ears_diffparam.pdf): PDF inc
lusion: found PDF version <1.5>, but at most version <1.4> allowed
<./resources/figures/ears_diffparam.pdf, id=372, 399.091pt x 201.55301pt>
File: ./resources/figures/ears_diffparam.pdf Graphic file (type pdf)

<use ./resources/figures/ears_diffparam.pdf>

LaTeX Warning: `!h' float specifier changed to `!ht'.



pdfTeX warning: pdflatex (file ./resources/figures/distance_computation.pdf): P
DF inclusion: found PDF version <1.5>, but at most version <1.4> allowed
<./resources/figures/distance_computation.pdf, id=374, 529.98pt x 171.039pt>
File: ./resources/figures/distance_computation.pdf Graphic file (type pdf)

<use ./resources/figures/distance_computation.pdf>
Underfull \vbox (badness 1097) has occurred while \output is active []

 [22]
[23 <./resources/figures/ears_diffparam.pdf> <./resources/figures/distance_comp
utation.pdf>]

pdfTeX warning: pdflatex (file ./resources/figures/projection.pdf): PDF inclusi
on: found PDF version <1.5>, but at most version <1.4> allowed
<./resources/figures/projection.pdf, id=404, 564.50902pt x 497.05788pt>
File: ./resources/figures/projection.pdf Graphic file (type pdf)

<use ./resources/figures/projection.pdf> [24]

pdfTeX warning: pdflatex (file ./resources/img/mean_msh.pdf): PDF inclusion: fo
und PDF version <1.5>, but at most version <1.4> allowed
<./resources/img/mean_msh.pdf, id=412, 216.45868pt x 216.48466pt>
File: ./resources/img/mean_msh.pdf Graphic file (type pdf)

<use ./resources/img/mean_msh.pdf> [25 <./resources/figures/projection.pdf>]

pdfTeX warning: pdflatex (file ./resources/img/overlap_mean_target.pdf): PDF in
clusion: found PDF version <1.5>, but at most version <1.4> allowed
<./resources/img/overlap_mean_target.pdf, id=466, 594.22pt x 305.14pt>
File: ./resources/img/overlap_mean_target.pdf Graphic file (type pdf)

<use ./resources/img/overlap_mean_target.pdf>
Underfull \hbox (badness 10000) in paragraph at lines 145--148

 []


Underfull \hbox (badness 10000) in paragraph at lines 145--148

 []

[26 <./resources/img/mean_msh.pdf> <./resources/img/overlap_mean_target.pdf>]

pdfTeX warning: pdflatex (file ./resources/figures/pipeline.pdf): PDF inclusion
: found PDF version <1.5>, but at most version <1.4> allowed
<./resources/figures/pipeline.pdf, id=491, 497.86pt x 738.76pt>
File: ./resources/figures/pipeline.pdf Graphic file (type pdf)

<use ./resources/figures/pipeline.pdf>

LaTeX Warning: `!h' float specifier changed to `!ht'.



pdfTeX warning: pdflatex (file ./resources/img/prior_sample_2_profile.pdf): PDF
 inclusion: found PDF version <1.5>, but at most version <1.4> allowed
<./resources/img/prior_sample_2_profile.pdf, id=495, 626.34pt x 240.9pt>
File: ./resources/img/prior_sample_2_profile.pdf Graphic file (type pdf)

<use ./resources/img/prior_sample_2_profile.pdf>

pdfTeX warning: pdflatex (file ./resources/img/prior_sample_3_profile.pdf): PDF
 inclusion: found PDF version <1.5>, but at most version <1.4> allowed
<./resources/img/prior_sample_3_profile.pdf, id=497, 594.22pt x 224.84pt>
File: ./resources/img/prior_sample_3_profile.pdf Graphic file (type pdf)

<use ./resources/img/prior_sample_3_profile.pdf>

LaTeX Warning: `h' float specifier changed to `ht'.



pdfTeX warning: pdflatex (file ./resources/img/posterior_sample_17.pdf): PDF in
clusion: found PDF version <1.5>, but at most version <1.4> allowed
<./resources/img/posterior_sample_17.pdf, id=501, 594.22pt x 224.84pt>
File: ./resources/img/posterior_sample_17.pdf Graphic file (type pdf)

<use ./resources/img/posterior_sample_17.pdf>

pdfTeX warning: pdflatex (file ./resources/img/posterior_sample_23.pdf): PDF in
clusion: found PDF version <1.5>, but at most version <1.4> allowed
<./resources/img/posterior_sample_23.pdf, id=503, 594.22pt x 224.84pt>
File: ./resources/img/posterior_sample_23.pdf Graphic file (type pdf)

<use ./resources/img/posterior_sample_23.pdf>

LaTeX Warning: `h' float specifier changed to `ht'.



pdfTeX warning: pdflatex (file ./resources/img/00029_meansquares_fit.pdf): PDF 
inclusion: found PDF version <1.5>, but at most version <1.4> allowed

<./resources/img/00029_meansquares_fit.pdf, id=508, 600.25285pt x 217.38887pt>
File: ./resources/img/00029_meansquares_fit.pdf Graphic file (type pdf)

<use ./resources/img/00029_meansquares_fit.pdf>
Underfull \vbox (badness 2495) has occurred while \output is active []

 [27]
Underfull \vbox (badness 10000) has occurred while \output is active []

 [28 <./resources/figures/pipeline.pdf>]

LaTeX Warning: `!h' float specifier changed to `!ht'.


Underfull \vbox (badness 10000) has occurred while \output is active []

 [29 <./resources/img/prior_sample_2_profile.pdf> <./resources/img/prior_sample
_3_profile.pdf>]
Underfull \vbox (badness 3514) has occurred while \output is active []

 [30 <./resources/img/posterior_sample_17.pdf> <./resources/img/posterior_sampl
e_23.pdf> <./resources/img/00029_meansquares_fit.pdf>]
! Extra }, or forgotten $.
l.201 ...(x)=\frac{x}{1+\frac{\left|x\right|}{c}}}
                                                  
I've deleted a group-closing symbol because it seems to be
spurious, as in `$x}$'. But perhaps the } is legitimate and
you forgot something else, as in `\hbox{$x}'. In such cases
the way to recover is to insert both the forgotten and the
deleted material, e.g., by typing `I$}'.



pdfTeX warning: pdflatex (file ./resources/img/00029_textured_target.pdf): PDF 
inclusion: found PDF version <1.5>, but at most version <1.4> allowed
<./resources/img/00029_textured_target.pdf, id=887, 594.22pt x 305.14pt>
File: ./resources/img/00029_textured_target.pdf Graphic file (type pdf)

<use ./resources/img/00029_textured_target.pdf>

pdfTeX warning: pdflatex (file ./resources/img/00029_huber_fit.pdf): PDF inclus
ion: found PDF version <1.5>, but at most version <1.4> allowed
<./resources/img/00029_huber_fit.pdf, id=889, 600.25285pt x 217.38887pt>
File: ./resources/img/00029_huber_fit.pdf Graphic file (type pdf)

<use ./resources/img/00029_huber_fit.pdf> [31 <./resources/img/00029_textured_t
arget.pdf> <./resources/img/00029_huber_fit.pdf>]
File: ./resources/img/00029_textured_target.pdf Graphic file (type pdf)

<use ./resources/img/00029_textured_target.pdf>

pdfTeX warning: pdflatex (file ./resources/img/00029_fit.pdf): PDF inclusion: f
ound PDF version <1.5>, but at most version <1.4> allowed
<./resources/img/00029_fit.pdf, id=919, 600.25285pt x 217.38887pt>
File: ./resources/img/00029_fit.pdf Graphic file (type pdf)

<use ./resources/img/00029_fit.pdf>) (./chapters/chapter5.tex [32 <./resources/
img/00029_fit.pdf>]

pdfTeX warning: pdflatex (file ./resources/img/linefeatures_eyes.pdf): PDF incl
usion: found PDF version <1.5>, but at most version <1.4> allowed
<./resources/img/linefeatures_eyes.pdf, id=939, 598.10953pt x 143.86247pt>
File: ./resources/img/linefeatures_eyes.pdf Graphic file (type pdf)

<use ./resources/img/linefeatures_eyes.pdf>

pdfTeX warning: pdflatex (file ./resources/img/00029_eyes_comparison.pdf): PDF 
inclusion: found PDF version <1.5>, but at most version <1.4> allowed

<./resources/img/00029_eyes_comparison.pdf, id=943, 510.93384pt x 455.87814pt>
File: ./resources/img/00029_eyes_comparison.pdf Graphic file (type pdf)

<use ./resources/img/00029_eyes_comparison.pdf> [33

 <./resources/img/linefeatures_eyes.pdf>]

pdfTeX warning: pdflatex (file ./resources/img/00029_mouth_comparison.pdf): PDF
 inclusion: found PDF version <1.5>, but at most version <1.4> allowed

<./resources/img/00029_mouth_comparison.pdf, id=971, 314.47487pt x 427.72386pt>
File: ./resources/img/00029_mouth_comparison.pdf Graphic file (type pdf)
<use ./resources/img/00029_mouth_comparison.pdf>

LaTeX Warning: `!h' float specifier changed to `!ht'.


Underfull \vbox (badness 10000) has occurred while \output is active []

 [34 <./resources/img/00029_eyes_comparison.pdf>]

pdfTeX warning: pdflatex (file ./resources/img/00029_left_ear_comparison.pdf): 
PDF inclusion: found PDF version <1.5>, but at most version <1.4> allowed

<./resources/img/00029_left_ear_comparison.pdf, id=994, 600.41814pt x 268.9055p
t>
File: ./resources/img/00029_left_ear_comparison.pdf Graphic file (type pdf)
 <use ./resources/img/00029_left_ear_comparison.pdf>

LaTeX Warning: `!h' float specifier changed to `!ht'.



pdfTeX warning: pdflatex (file ./resources/img/00029_distmap.pdf): PDF inclusio
n: found PDF version <1.5>, but at most version <1.4> allowed
<./resources/img/00029_distmap.pdf, id=996, 600.25285pt x 217.38887pt>
File: ./resources/img/00029_distmap.pdf Graphic file (type pdf)

<use ./resources/img/00029_distmap.pdf>

pdfTeX warning: pdflatex (file ./resources/img/00303_textured_target.pdf): PDF 
inclusion: found PDF version <1.5>, but at most version <1.4> allowed
<./resources/img/00303_textured_target.pdf, id=1000, 594.22pt x 305.14pt>
File: ./resources/img/00303_textured_target.pdf Graphic file (type pdf)

<use ./resources/img/00303_textured_target.pdf>

pdfTeX warning: pdflatex (file ./resources/img/00303_fit.pdf): PDF inclusion: f
ound PDF version <1.5>, but at most version <1.4> allowed
<./resources/img/00303_fit.pdf, id=1002, 600.25285pt x 217.38887pt>
File: ./resources/img/00303_fit.pdf Graphic file (type pdf)

<use ./resources/img/00303_fit.pdf>

pdfTeX warning: pdflatex (file ./resources/img/00303_distmap.pdf): PDF inclusio
n: found PDF version <1.5>, but at most version <1.4> allowed
<./resources/img/00303_distmap.pdf, id=1004, 600.25285pt x 217.38887pt>
File: ./resources/img/00303_distmap.pdf Graphic file (type pdf)

<use ./resources/img/00303_distmap.pdf>
Underfull \vbox (badness 10000) has occurred while \output is active []

 [35 <./resources/img/00029_mouth_comparison.pdf>]

LaTeX Warning: `!h' float specifier changed to `!ht'.



pdfTeX warning: pdflatex (file ./resources/img/00029_dist_mouth_0_1_cropped.pdf
): PDF inclusion: found PDF version <1.5>, but at most version <1.4> allowed

<./resources/img/00029_dist_mouth_0_1_cropped.pdf, id=1028, 610.28pt x 321.2pt>
File: ./resources/img/00029_dist_mouth_0_1_cropped.pdf Graphic file (type pdf)
<use ./resources/img/00029_dist_mouth_0_1_cropped.pdf>

pdfTeX warning: pdflatex (file ./resources/img/00303_dist_mouth_0_1_cropped.pdf
): PDF inclusion: found PDF version <1.5>, but at most version <1.4> allowed

<./resources/img/00303_dist_mouth_0_1_cropped.pdf, id=1032, 610.28pt x 321.2pt>
File: ./resources/img/00303_dist_mouth_0_1_cropped.pdf Graphic file (type pdf)
<use ./resources/img/00303_dist_mouth_0_1_cropped.pdf>

LaTeX Warning: `!h' float specifier changed to `!ht'.



pdfTeX warning: pdflatex (file ./resources/img/00029_dist_eyes_0_1_cropped.pdf)
: PDF inclusion: found PDF version <1.5>, but at most version <1.4> allowed

<./resources/img/00029_dist_eyes_0_1_cropped.pdf, id=1036, 610.28pt x 160.6pt>
File: ./resources/img/00029_dist_eyes_0_1_cropped.pdf Graphic file (type pdf)

<use ./resources/img/00029_dist_eyes_0_1_cropped.pdf>

pdfTeX warning: pdflatex (file ./resources/img/00303_dist_eyes_0_1_cropped.pdf)
: PDF inclusion: found PDF version <1.5>, but at most version <1.4> allowed

<./resources/img/00303_dist_eyes_0_1_cropped.pdf, id=1040, 610.28pt x 160.6pt>
File: ./resources/img/00303_dist_eyes_0_1_cropped.pdf Graphic file (type pdf)

<use ./resources/img/00303_dist_eyes_0_1_cropped.pdf>

LaTeX Warning: `!h' float specifier changed to `!ht'.



pdfTeX warning: pdflatex (file ./resources/img/00029_caricature_1_3.pdf): PDF i
nclusion: found PDF version <1.5>, but at most version <1.4> allowed

<./resources/img/00029_caricature_1_3.pdf, id=1044, 600.25285pt x 217.38887pt>
File: ./resources/img/00029_caricature_1_3.pdf Graphic file (type pdf)

<use ./resources/img/00029_caricature_1_3.pdf>

pdfTeX warning: pdflatex (file ./resources/img/00029_caricature_1_6.pdf): PDF i
nclusion: found PDF version <1.5>, but at most version <1.4> allowed

<./resources/img/00029_caricature_1_6.pdf, id=1046, 600.25285pt x 217.38887pt>
File: ./resources/img/00029_caricature_1_6.pdf Graphic file (type pdf)

<use ./resources/img/00029_caricature_1_6.pdf>

pdfTeX warning: pdflatex (file ./resources/img/00029_caricature_2.pdf): PDF inc
lusion: found PDF version <1.5>, but at most version <1.4> allowed
<./resources/img/00029_caricature_2.pdf, id=1048, 600.25285pt x 217.38887pt>
File: ./resources/img/00029_caricature_2.pdf Graphic file (type pdf)

<use ./resources/img/00029_caricature_2.pdf> [36 <./resources/img/00029_left_ea
r_comparison.pdf> <./resources/img/00029_distmap.pdf>]

LaTeX Warning: Text page 37 contains only floats.

[37 <./resources/img/00303_textured_target.pdf> <./resources/img/00303_fit.pdf>
 <./resources/img/00303_distmap.pdf>]

LaTeX Warning: `!h' float specifier changed to `!ht'.



pdfTeX warning: pdflatex (file ./resources/img/00303_caricature_1_3.pdf): PDF i
nclusion: found PDF version <1.5>, but at most version <1.4> allowed

<./resources/img/00303_caricature_1_3.pdf, id=1387, 600.25285pt x 217.38887pt>
File: ./resources/img/00303_caricature_1_3.pdf Graphic file (type pdf)

<use ./resources/img/00303_caricature_1_3.pdf>

pdfTeX warning: pdflatex (file ./resources/img/00303_caricature_1_6.pdf): PDF i
nclusion: found PDF version <1.5>, but at most version <1.4> allowed

<./resources/img/00303_caricature_1_6.pdf, id=1389, 600.25285pt x 217.38887pt>
File: ./resources/img/00303_caricature_1_6.pdf Graphic file (type pdf)

<use ./resources/img/00303_caricature_1_6.pdf>

pdfTeX warning: pdflatex (file ./resources/img/00303_caricature_2.pdf): PDF inc
lusion: found PDF version <1.5>, but at most version <1.4> allowed
<./resources/img/00303_caricature_2.pdf, id=1391, 600.25285pt x 217.38887pt>
File: ./resources/img/00303_caricature_2.pdf Graphic file (type pdf)

<use ./resources/img/00303_caricature_2.pdf>

LaTeX Warning: `!h' float specifier changed to `!ht'.

) (./chapters/chapter6.tex [38 <./resources/img/00029_dist_mouth_0_1_cropped.pd
f> <./resources/img/00303_dist_mouth_0_1_cropped.pdf> <./resources/img/00029_di
st_eyes_0_1_cropped.pdf> <./resources/img/00303_dist_eyes_0_1_cropped.pdf>]
[39 <./resources/img/00029_caricature_1_3.pdf> <./resources/img/00029_caricatur
e_1_6.pdf> <./resources/img/00029_caricature_2.pdf>] [40 <./resources/img/00303
_caricature_1_3.pdf> <./resources/img/00303_caricature_1_6.pdf> <./resources/im
g/00303_caricature_2.pdf>]
Underfull \hbox (badness 10000) in paragraph at lines 2--11

 []

[41

]) (./bibliography.tex [42]
bibitemlist
) [43

]
\tf@toc=\write6
\openout6 = `thesis.toc'.

 (./thesis.aux)

LaTeX Warning: There were multiply-defined labels.

 ) 
Here is how much of TeX's memory you used:
 20297 strings out of 495061
 341204 string characters out of 1182622
 447643 words of memory out of 3000000
 22861 multiletter control sequences out of 15000+50000
 14292 words of font info for 53 fonts, out of 3000000 for 9000
 28 hyphenation exceptions out of 8191
 69i,12n,60p,1270b,671s stack positions out of 5000i,500n,10000p,200000b,50000s
</usr/share/texmf-texlive/fonts/type1/public/amsfonts/cm/cmbx10.pfb></usr/sha
re/texmf-texlive/fonts/type1/public/amsfonts/cm/cmbx12.pfb></usr/share/texmf-te
xlive/fonts/type1/public/amsfonts/cm/cmex10.pfb></usr/share/texmf-texlive/fonts
/type1/public/amsfonts/cm/cmmi12.pfb></usr/share/texmf-texlive/fonts/type1/publ
ic/amsfonts/cm/cmmi6.pfb></usr/share/texmf-texlive/fonts/type1/public/amsfonts/
cm/cmmi8.pfb></usr/share/texmf-texlive/fonts/type1/public/amsfonts/cm/cmr10.pfb
></usr/share/texmf-texlive/fonts/type1/public/amsfonts/cm/cmr12.pfb></usr/share
/texmf-texlive/fonts/type1/public/amsfonts/cm/cmr17.pfb></usr/share/texmf-texli
ve/fonts/type1/public/amsfonts/cm/cmr6.pfb></usr/share/texmf-texlive/fonts/type
1/public/amsfonts/cm/cmr8.pfb></usr/share/texmf-texlive/fonts/type1/public/amsf
onts/cm/cmss17.pfb></usr/share/texmf-texlive/fonts/type1/public/amsfonts/cm/cms
y10.pfb></usr/share/texmf-texlive/fonts/type1/public/amsfonts/cm/cmsy6.pfb></us
r/share/texmf-texlive/fonts/type1/public/amsfonts/cm/cmsy8.pfb></usr/share/texm
f-texlive/fonts/type1/public/amsfonts/cm/cmti12.pfb></usr/share/texmf-texlive/f
onts/type1/public/amsfonts/symbols/msbm10.pfb>
Output written on thesis.pdf (43 pages, 24723349 bytes).
PDF statistics:
 1743 PDF objects out of 2073 (max. 8388607)
 187 named destinations out of 1000 (max. 500000)
 429 words of extra memory for PDF output out of 10000 (max. 10000000)

